<?xml version="1.0" encoding="UTF-8"?>
<!-- Generated by org.testng.reporters.JUnitReportReporter -->
<testsuite skipped="0" hostname="DESKTOP-R5U0RRK" name="com.mystore.testcases.SauceCartTest" tests="1" failures="0" timestamp="12 Nov 2022 01:48:09 GMT" time="9.305" errors="0">
  <testcase name="verifyProduct" time="9.305" classname="com.mystore.testcases.SauceCartTest"/>
</testsuite> <!-- com.mystore.testcases.SauceCartTest -->
