<?xml version="1.0" encoding="UTF-8"?>
<!-- Generated by org.testng.reporters.JUnitReportReporter -->
<testsuite skipped="0" hostname="DESKTOP-R5U0RRK" name="com.mystore.testcases.SauceCompleteTest" tests="1" failures="0" timestamp="14 Nov 2022 01:35:34 GMT" time="13.318" errors="0">
  <testcase name="verifyProduct" time="13.318" classname="com.mystore.testcases.SauceCompleteTest"/>
</testsuite> <!-- com.mystore.testcases.SauceCompleteTest -->
