<?xml version="1.0" encoding="UTF-8"?>
<!-- Generated by org.testng.reporters.JUnitReportReporter -->
<testsuite skipped="0" hostname="DESKTOP-R5U0RRK" name="com.mystore.testcases.SauceCompleteTest" tests="1" failures="0" timestamp="2022-11-15T07:09:40 IST" time="10.196" errors="0">
  <testcase name="verifyProduct" time="10.196" classname="com.mystore.testcases.SauceCompleteTest"/>
  <system-out/>
</testsuite> <!-- com.mystore.testcases.SauceCompleteTest -->
